<?xml version="1.0" encoding="UTF-8"?>
<!-- Generated by org.testng.reporters.JUnitReportReporter -->
<testsuite hostname="DESKTOP-7KBV175" failures="0" tests="1" name="practice.Create_Test" time="0.009" errors="0" timestamp="2023-01-18T14:04:59 IST" skipped="0">
  <testcase classname="practice.Create_Test" name="create" time="0.009"/>
  <system-out/>
</testsuite> <!-- practice.Create_Test -->
